<?xml version="1.0" encoding="UTF-8"?>
<testng-results ignored="0" total="2" passed="2" failed="0" skipped="0">
  <reporter-output>
  </reporter-output>
  <suite started-at="2024-07-11T12:08:26 IST" name="Master Suite" finished-at="2024-07-11T12:09:33 IST" duration-ms="67085">
    <groups>
      <group name="Master">
        <method signature="TC_01AccountRegistrationTest.verify_account_registration()[pri:0, instance:testCases.TC_01AccountRegistrationTest@7e057f43]" name="verify_account_registration" class="testCases.TC_01AccountRegistrationTest"/>
        <method signature="TC_02LoginTest.verify_login_page()[pri:0, instance:testCases.TC_02LoginTest@7c137fd5]" name="verify_login_page" class="testCases.TC_02LoginTest"/>
      </group> <!-- Master -->
      <group name="Sanity">
        <method signature="TC_02LoginTest.verify_login_page()[pri:0, instance:testCases.TC_02LoginTest@7c137fd5]" name="verify_login_page" class="testCases.TC_02LoginTest"/>
      </group> <!-- Sanity -->
      <group name="Regression">
        <method signature="TC_01AccountRegistrationTest.verify_account_registration()[pri:0, instance:testCases.TC_01AccountRegistrationTest@7e057f43]" name="verify_account_registration" class="testCases.TC_01AccountRegistrationTest"/>
      </group> <!-- Regression -->
    </groups>
    <test started-at="2024-07-11T12:08:26 IST" name="Test" finished-at="2024-07-11T12:09:33 IST" duration-ms="67085">
      <class name="testCases.TC_02LoginTest">
        <test-method is-config="true" signature="setup(java.lang.String,java.lang.String)[pri:0, instance:testCases.TC_02LoginTest@7c137fd5]" started-at="2024-07-11T12:09:16 IST" name="setup" finished-at="2024-07-11T12:09:23 IST" duration-ms="7294" status="PASS">
          <params>
            <param index="0">
              <value>
                <![CDATA[windows]]>
              </value>
            </param>
            <param index="1">
              <value>
                <![CDATA[chrome]]>
              </value>
            </param>
          </params>
          <reporter-output>
          </reporter-output>
        </test-method> <!-- setup -->
        <test-method signature="verify_login_page()[pri:0, instance:testCases.TC_02LoginTest@7c137fd5]" started-at="2024-07-11T12:09:23 IST" name="verify_login_page" finished-at="2024-07-11T12:09:33 IST" duration-ms="9729" status="PASS">
          <reporter-output>
          </reporter-output>
        </test-method> <!-- verify_login_page -->
        <test-method is-config="true" signature="tearDown()[pri:0, instance:testCases.TC_02LoginTest@7c137fd5]" started-at="2024-07-11T12:09:33 IST" name="tearDown" finished-at="2024-07-11T12:09:33 IST" duration-ms="590" status="PASS">
          <reporter-output>
          </reporter-output>
        </test-method> <!-- tearDown -->
      </class> <!-- testCases.TC_02LoginTest -->
      <class name="testCases.TC_01AccountRegistrationTest">
        <test-method is-config="true" signature="setup(java.lang.String,java.lang.String)[pri:0, instance:testCases.TC_01AccountRegistrationTest@7e057f43]" started-at="2024-07-11T12:08:27 IST" name="setup" finished-at="2024-07-11T12:09:01 IST" duration-ms="33377" status="PASS">
          <params>
            <param index="0">
              <value>
                <![CDATA[windows]]>
              </value>
            </param>
            <param index="1">
              <value>
                <![CDATA[chrome]]>
              </value>
            </param>
          </params>
          <reporter-output>
          </reporter-output>
        </test-method> <!-- setup -->
        <test-method signature="verify_account_registration()[pri:0, instance:testCases.TC_01AccountRegistrationTest@7e057f43]" started-at="2024-07-11T12:09:01 IST" name="verify_account_registration" finished-at="2024-07-11T12:09:15 IST" duration-ms="13926" status="PASS">
          <reporter-output>
          </reporter-output>
        </test-method> <!-- verify_account_registration -->
        <test-method is-config="true" signature="tearDown()[pri:0, instance:testCases.TC_01AccountRegistrationTest@7e057f43]" started-at="2024-07-11T12:09:15 IST" name="tearDown" finished-at="2024-07-11T12:09:16 IST" duration-ms="833" status="PASS">
          <reporter-output>
          </reporter-output>
        </test-method> <!-- tearDown -->
      </class> <!-- testCases.TC_01AccountRegistrationTest -->
    </test> <!-- Test -->
  </suite> <!-- Master Suite -->
</testng-results>
